# JRE version: OpenJDK Runtime Environment (8.0_282-b08) (build 1.8.0_282-b08)
# Java VM: OpenJDK 64-Bit Server VM (25.282-b08 mixed mode windows-amd64 compressed oops)
Heap:
 PSYoungGen      total 40448K, used 18723K [0x00000000d5e00000, 0x00000000da200000, 0x0000000100000000)
  eden space 32768K, 35% used [0x00000000d5e00000,0x00000000d693a288,0x00000000d7e00000)
  from space 7680K, 94% used [0x00000000d9a80000,0x00000000da18ea98,0x00000000da200000)
  to   space 9728K, 0% used [0x00000000d8f00000,0x00000000d8f00000,0x00000000d9880000)
 ParOldGen       total 57856K, used 7271K [0x0000000081a00000, 0x0000000085280000, 0x00000000d5e00000)
  object space 57856K, 12% used [0x0000000081a00000,0x0000000082119e88,0x0000000085280000)
 Metaspace       used 29040K, capacity 31179K, committed 31488K, reserved 1077248K
  class space    used 3842K, capacity 4226K, committed 4352K, reserved 1048576K
GC Heap History (10 events):
Event: 3.410 GC heap before
{Heap before GC invocations=3 (full 0):
 PSYoungGen      total 38400K, used 38390K [0x00000000d5e00000, 0x00000000d8880000, 0x0000000100000000)
  eden space 33280K, 100% used [0x00000000d5e00000,0x00000000d7e80000,0x00000000d7e80000)
  from space 5120K, 99% used [0x00000000d8380000,0x00000000d887dab0,0x00000000d8880000)
  to   space 5120K, 0% used [0x00000000d7e80000,0x00000000d7e80000,0x00000000d8380000)
 ParOldGen       total 87552K, used 4586K [0x0000000081a00000, 0x0000000086f80000, 0x00000000d5e00000)
  object space 87552K, 5% used [0x0000000081a00000,0x0000000081e7a818,0x0000000086f80000)
 Metaspace       used 19062K, capacity 20112K, committed 20224K, reserved 1067008K
  class space    used 2530K, capacity 2744K, committed 2816K, reserved 1048576K
Event: 3.416 GC heap after
Heap after GC invocations=3 (full 0):
 PSYoungGen      total 38400K, used 5104K [0x00000000d5e00000, 0x00000000d8880000, 0x0000000100000000)
  eden space 33280K, 0% used [0x00000000d5e00000,0x00000000d5e00000,0x00000000d7e80000)
  from space 5120K, 99% used [0x00000000d7e80000,0x00000000d837c170,0x00000000d8380000)
  to   space 5120K, 0% used [0x00000000d8380000,0x00000000d8380000,0x00000000d8880000)
 ParOldGen       total 87552K, used 8048K [0x0000000081a00000, 0x0000000086f80000, 0x00000000d5e00000)
  object space 87552K, 9% used [0x0000000081a00000,0x00000000821dc120,0x0000000086f80000)
 Metaspace       used 19062K, capacity 20112K, committed 20224K, reserved 1067008K
  class space    used 2530K, capacity 2744K, committed 2816K, reserved 1048576K
}
Event: 3.654 GC heap before
{Heap before GC invocations=4 (full 0):
 PSYoungGen      total 38400K, used 10706K [0x00000000d5e00000, 0x00000000d8880000, 0x0000000100000000)
  eden space 33280K, 16% used [0x00000000d5e00000,0x00000000d63788a0,0x00000000d7e80000)
  from space 5120K, 99% used [0x00000000d7e80000,0x00000000d837c170,0x00000000d8380000)
  to   space 5120K, 0% used [0x00000000d8380000,0x00000000d8380000,0x00000000d8880000)
 ParOldGen       total 87552K, used 8048K [0x0000000081a00000, 0x0000000086f80000, 0x00000000d5e00000)
  object space 87552K, 9% used [0x0000000081a00000,0x00000000821dc120,0x0000000086f80000)
 Metaspace       used 19940K, capacity 21185K, committed 21296K, reserved 1067008K
  class space    used 2667K, capacity 2944K, committed 2944K, reserved 1048576K
Event: 3.659 GC heap after
Heap after GC invocations=4 (full 0):
 PSYoungGen      total 38400K, used 5093K [0x00000000d5e00000, 0x00000000d8880000, 0x0000000100000000)
  eden space 33280K, 0% used [0x00000000d5e00000,0x00000000d5e00000,0x00000000d7e80000)
  from space 5120K, 99% used [0x00000000d8380000,0x00000000d8879658,0x00000000d8880000)
  to   space 5120K, 0% used [0x00000000d7e80000,0x00000000d7e80000,0x00000000d8380000)
 ParOldGen       total 87552K, used 9140K [0x0000000081a00000, 0x0000000086f80000, 0x00000000d5e00000)
  object space 87552K, 10% used [0x0000000081a00000,0x00000000822ed3e8,0x0000000086f80000)
 Metaspace       used 19940K, capacity 21185K, committed 21296K, reserved 1067008K
  class space    used 2667K, capacity 2944K, committed 2944K, reserved 1048576K
}
Event: 3.659 GC heap before
{Heap before GC invocations=5 (full 1):
 PSYoungGen      total 38400K, used 5093K [0x00000000d5e00000, 0x00000000d8880000, 0x0000000100000000)
  eden space 33280K, 0% used [0x00000000d5e00000,0x00000000d5e00000,0x00000000d7e80000)
  from space 5120K, 99% used [0x00000000d8380000,0x00000000d8879658,0x00000000d8880000)
  to   space 5120K, 0% used [0x00000000d7e80000,0x00000000d7e80000,0x00000000d8380000)
 ParOldGen       total 87552K, used 9140K [0x0000000081a00000, 0x0000000086f80000, 0x00000000d5e00000)
  object space 87552K, 10% used [0x0000000081a00000,0x00000000822ed3e8,0x0000000086f80000)
 Metaspace       used 19940K, capacity 21185K, committed 21296K, reserved 1067008K
  class space    used 2667K, capacity 2944K, committed 2944K, reserved 1048576K
Event: 3.682 GC heap after
Heap after GC invocations=5 (full 1):
 PSYoungGen      total 38400K, used 0K [0x00000000d5e00000, 0x00000000d8880000, 0x0000000100000000)
  eden space 33280K, 0% used [0x00000000d5e00000,0x00000000d5e00000,0x00000000d7e80000)
  from space 5120K, 0% used [0x00000000d8380000,0x00000000d8380000,0x00000000d8880000)
  to   space 5120K, 0% used [0x00000000d7e80000,0x00000000d7e80000,0x00000000d8380000)
 ParOldGen       total 57856K, used 6377K [0x0000000081a00000, 0x0000000085280000, 0x00000000d5e00000)
  object space 57856K, 11% used [0x0000000081a00000,0x000000008203a638,0x0000000085280000)
 Metaspace       used 19940K, capacity 21185K, committed 21296K, reserved 1067008K
  class space    used 2667K, capacity 2944K, committed 2944K, reserved 1048576K
}
Event: 4.832 GC heap before
{Heap before GC invocations=6 (full 1):
 PSYoungGen      total 38400K, used 33280K [0x00000000d5e00000, 0x00000000d8880000, 0x0000000100000000)
  eden space 33280K, 100% used [0x00000000d5e00000,0x00000000d7e80000,0x00000000d7e80000)
  from space 5120K, 0% used [0x00000000d8380000,0x00000000d8380000,0x00000000d8880000)
  to   space 5120K, 0% used [0x00000000d7e80000,0x00000000d7e80000,0x00000000d8380000)
 ParOldGen       total 57856K, used 6377K [0x0000000081a00000, 0x0000000085280000, 0x00000000d5e00000)
  object space 57856K, 11% used [0x0000000081a00000,0x000000008203a638,0x0000000085280000)
 Metaspace       used 24293K, capacity 26017K, committed 26112K, reserved 1071104K
  class space    used 3244K, capacity 3563K, committed 3584K, reserved 1048576K
Event: 4.836 GC heap after
Heap after GC invocations=6 (full 1):
 PSYoungGen      total 38400K, used 5111K [0x00000000d5e00000, 0x00000000da400000, 0x0000000100000000)
  eden space 33280K, 0% used [0x00000000d5e00000,0x00000000d5e00000,0x00000000d7e80000)
  from space 5120K, 99% used [0x00000000d7e80000,0x00000000d837dca0,0x00000000d8380000)
  to   space 9728K, 0% used [0x00000000d9a80000,0x00000000d9a80000,0x00000000da400000)
 ParOldGen       total 57856K, used 7263K [0x0000000081a00000, 0x0000000085280000, 0x00000000d5e00000)
  object space 57856K, 12% used [0x0000000081a00000,0x0000000082117e88,0x0000000085280000)
 Metaspace       used 24293K, capacity 26017K, committed 26112K, reserved 1071104K
  class space    used 3244K, capacity 3563K, committed 3584K, reserved 1048576K
}
Event: 77.384 GC heap before
{Heap before GC invocations=7 (full 1):
 PSYoungGen      total 38400K, used 38391K [0x00000000d5e00000, 0x00000000da400000, 0x0000000100000000)
  eden space 33280K, 100% used [0x00000000d5e00000,0x00000000d7e80000,0x00000000d7e80000)
  from space 5120K, 99% used [0x00000000d7e80000,0x00000000d837dca0,0x00000000d8380000)
  to   space 9728K, 0% used [0x00000000d9a80000,0x00000000d9a80000,0x00000000da400000)
 ParOldGen       total 57856K, used 7263K [0x0000000081a00000, 0x0000000085280000, 0x00000000d5e00000)
  object space 57856K, 12% used [0x0000000081a00000,0x0000000082117e88,0x0000000085280000)
 Metaspace       used 29027K, capacity 31115K, committed 31488K, reserved 1077248K
  class space    used 3841K, capacity 4226K, committed 4352K, reserved 1048576K
Event: 77.416 GC heap after
Heap after GC invocations=7 (full 1):
 PSYoungGen      total 40448K, used 7226K [0x00000000d5e00000, 0x00000000da200000, 0x0000000100000000)
  eden space 32768K, 0% used [0x00000000d5e00000,0x00000000d5e00000,0x00000000d7e00000)
  from space 7680K, 94% used [0x00000000d9a80000,0x00000000da18ea98,0x00000000da200000)
  to   space 9728K, 0% used [0x00000000d8f00000,0x00000000d8f00000,0x00000000d9880000)
 ParOldGen       total 57856K, used 7271K [0x0000000081a00000, 0x0000000085280000, 0x00000000d5e00000)
  object space 57856K, 12% used [0x0000000081a00000,0x0000000082119e88,0x0000000085280000)
 Metaspace       used 29027K, capacity 31115K, committed 31488K, reserved 1077248K
  class space    used 3841K, capacity 4226K, committed 4352K, reserved 1048576K
}

