# JRE version: OpenJDK Runtime Environment (8.0_282-b08) (build 1.8.0_282-b08)
# Java VM: OpenJDK 64-Bit Server VM (25.282-b08 mixed mode windows-amd64 compressed oops)
Heap:
 PSYoungGen      total 49152K, used 44976K [0x00000000d5e00000, 0x00000000d9980000, 0x0000000100000000)
  eden space 41472K, 92% used [0x00000000d5e00000,0x00000000d837c2d8,0x00000000d8680000)
  from space 7680K, 85% used [0x00000000d9200000,0x00000000d9870020,0x00000000d9980000)
  to   space 9728K, 0% used [0x00000000d8680000,0x00000000d8680000,0x00000000d9000000)
 ParOldGen       total 66560K, used 7312K [0x0000000081a00000, 0x0000000085b00000, 0x00000000d5e00000)
  object space 66560K, 10% used [0x0000000081a00000,0x0000000082124100,0x0000000085b00000)
 Metaspace       used 29025K, capacity 31121K, committed 31488K, reserved 1077248K
  class space    used 3837K, capacity 4227K, committed 4352K, reserved 1048576K
GC Heap History (10 events):
Event: 6.453 GC heap before
{Heap before GC invocations=3 (full 0):
 PSYoungGen      total 38400K, used 38373K [0x00000000d5e00000, 0x00000000d8880000, 0x0000000100000000)
  eden space 33280K, 100% used [0x00000000d5e00000,0x00000000d7e80000,0x00000000d7e80000)
  from space 5120K, 99% used [0x00000000d8380000,0x00000000d88795e8,0x00000000d8880000)
  to   space 5120K, 0% used [0x00000000d7e80000,0x00000000d7e80000,0x00000000d8380000)
 ParOldGen       total 87552K, used 4589K [0x0000000081a00000, 0x0000000086f80000, 0x00000000d5e00000)
  object space 87552K, 5% used [0x0000000081a00000,0x0000000081e7b5b0,0x0000000086f80000)
 Metaspace       used 19071K, capacity 20120K, committed 20224K, reserved 1067008K
  class space    used 2527K, capacity 2744K, committed 2816K, reserved 1048576K
Event: 6.459 GC heap after
Heap after GC invocations=3 (full 0):
 PSYoungGen      total 38400K, used 5104K [0x00000000d5e00000, 0x00000000d8880000, 0x0000000100000000)
  eden space 33280K, 0% used [0x00000000d5e00000,0x00000000d5e00000,0x00000000d7e80000)
  from space 5120K, 99% used [0x00000000d7e80000,0x00000000d837c170,0x00000000d8380000)
  to   space 5120K, 0% used [0x00000000d8380000,0x00000000d8380000,0x00000000d8880000)
 ParOldGen       total 87552K, used 8031K [0x0000000081a00000, 0x0000000086f80000, 0x00000000d5e00000)
  object space 87552K, 9% used [0x0000000081a00000,0x00000000821d7fb8,0x0000000086f80000)
 Metaspace       used 19071K, capacity 20120K, committed 20224K, reserved 1067008K
  class space    used 2527K, capacity 2744K, committed 2816K, reserved 1048576K
}
Event: 6.806 GC heap before
{Heap before GC invocations=4 (full 0):
 PSYoungGen      total 38400K, used 10707K [0x00000000d5e00000, 0x00000000d8880000, 0x0000000100000000)
  eden space 33280K, 16% used [0x00000000d5e00000,0x00000000d6378d68,0x00000000d7e80000)
  from space 5120K, 99% used [0x00000000d7e80000,0x00000000d837c170,0x00000000d8380000)
  to   space 5120K, 0% used [0x00000000d8380000,0x00000000d8380000,0x00000000d8880000)
 ParOldGen       total 87552K, used 8031K [0x0000000081a00000, 0x0000000086f80000, 0x00000000d5e00000)
  object space 87552K, 9% used [0x0000000081a00000,0x00000000821d7fb8,0x0000000086f80000)
 Metaspace       used 19952K, capacity 21193K, committed 21296K, reserved 1067008K
  class space    used 2665K, capacity 2944K, committed 2944K, reserved 1048576K
Event: 6.810 GC heap after
Heap after GC invocations=4 (full 0):
 PSYoungGen      total 38400K, used 5093K [0x00000000d5e00000, 0x00000000d8880000, 0x0000000100000000)
  eden space 33280K, 0% used [0x00000000d5e00000,0x00000000d5e00000,0x00000000d7e80000)
  from space 5120K, 99% used [0x00000000d8380000,0x00000000d8879658,0x00000000d8880000)
  to   space 5120K, 0% used [0x00000000d7e80000,0x00000000d7e80000,0x00000000d8380000)
 ParOldGen       total 87552K, used 9109K [0x0000000081a00000, 0x0000000086f80000, 0x00000000d5e00000)
  object space 87552K, 10% used [0x0000000081a00000,0x00000000822e55b0,0x0000000086f80000)
 Metaspace       used 19952K, capacity 21193K, committed 21296K, reserved 1067008K
  class space    used 2665K, capacity 2944K, committed 2944K, reserved 1048576K
}
Event: 6.810 GC heap before
{Heap before GC invocations=5 (full 1):
 PSYoungGen      total 38400K, used 5093K [0x00000000d5e00000, 0x00000000d8880000, 0x0000000100000000)
  eden space 33280K, 0% used [0x00000000d5e00000,0x00000000d5e00000,0x00000000d7e80000)
  from space 5120K, 99% used [0x00000000d8380000,0x00000000d8879658,0x00000000d8880000)
  to   space 5120K, 0% used [0x00000000d7e80000,0x00000000d7e80000,0x00000000d8380000)
 ParOldGen       total 87552K, used 9109K [0x0000000081a00000, 0x0000000086f80000, 0x00000000d5e00000)
  object space 87552K, 10% used [0x0000000081a00000,0x00000000822e55b0,0x0000000086f80000)
 Metaspace       used 19952K, capacity 21193K, committed 21296K, reserved 1067008K
  class space    used 2665K, capacity 2944K, committed 2944K, reserved 1048576K
Event: 6.886 GC heap after
Heap after GC invocations=5 (full 1):
 PSYoungGen      total 38400K, used 0K [0x00000000d5e00000, 0x00000000d8880000, 0x0000000100000000)
  eden space 33280K, 0% used [0x00000000d5e00000,0x00000000d5e00000,0x00000000d7e80000)
  from space 5120K, 0% used [0x00000000d8380000,0x00000000d8380000,0x00000000d8880000)
  to   space 5120K, 0% used [0x00000000d7e80000,0x00000000d7e80000,0x00000000d8380000)
 ParOldGen       total 66560K, used 6371K [0x0000000081a00000, 0x0000000085b00000, 0x00000000d5e00000)
  object space 66560K, 9% used [0x0000000081a00000,0x0000000082038f90,0x0000000085b00000)
 Metaspace       used 19952K, capacity 21193K, committed 21296K, reserved 1067008K
  class space    used 2665K, capacity 2944K, committed 2944K, reserved 1048576K
}
Event: 9.054 GC heap before
{Heap before GC invocations=6 (full 1):
 PSYoungGen      total 38400K, used 33280K [0x00000000d5e00000, 0x00000000d8880000, 0x0000000100000000)
  eden space 33280K, 100% used [0x00000000d5e00000,0x00000000d7e80000,0x00000000d7e80000)
  from space 5120K, 0% used [0x00000000d8380000,0x00000000d8380000,0x00000000d8880000)
  to   space 5120K, 0% used [0x00000000d7e80000,0x00000000d7e80000,0x00000000d8380000)
 ParOldGen       total 66560K, used 6371K [0x0000000081a00000, 0x0000000085b00000, 0x00000000d5e00000)
  object space 66560K, 9% used [0x0000000081a00000,0x0000000082038f90,0x0000000085b00000)
 Metaspace       used 24255K, capacity 26011K, committed 26112K, reserved 1071104K
  class space    used 3237K, capacity 3560K, committed 3584K, reserved 1048576K
Event: 9.057 GC heap after
Heap after GC invocations=6 (full 1):
 PSYoungGen      total 38400K, used 5093K [0x00000000d5e00000, 0x00000000d9b80000, 0x0000000100000000)
  eden space 33280K, 0% used [0x00000000d5e00000,0x00000000d5e00000,0x00000000d7e80000)
  from space 5120K, 99% used [0x00000000d7e80000,0x00000000d83797f8,0x00000000d8380000)
  to   space 9728K, 0% used [0x00000000d9200000,0x00000000d9200000,0x00000000d9b80000)
 ParOldGen       total 66560K, used 7304K [0x0000000081a00000, 0x0000000085b00000, 0x00000000d5e00000)
  object space 66560K, 10% used [0x0000000081a00000,0x0000000082122100,0x0000000085b00000)
 Metaspace       used 24255K, capacity 26011K, committed 26112K, reserved 1071104K
  class space    used 3237K, capacity 3560K, committed 3584K, reserved 1048576K
}
Event: 50.927 GC heap before
{Heap before GC invocations=7 (full 1):
 PSYoungGen      total 38400K, used 38373K [0x00000000d5e00000, 0x00000000d9b80000, 0x0000000100000000)
  eden space 33280K, 100% used [0x00000000d5e00000,0x00000000d7e80000,0x00000000d7e80000)
  from space 5120K, 99% used [0x00000000d7e80000,0x00000000d83797f8,0x00000000d8380000)
  to   space 9728K, 0% used [0x00000000d9200000,0x00000000d9200000,0x00000000d9b80000)
 ParOldGen       total 66560K, used 7304K [0x0000000081a00000, 0x0000000085b00000, 0x00000000d5e00000)
  object space 66560K, 10% used [0x0000000081a00000,0x0000000082122100,0x0000000085b00000)
 Metaspace       used 28658K, capacity 30759K, committed 30848K, reserved 1075200K
  class space    used 3791K, capacity 4154K, committed 4224K, reserved 1048576K
Event: 50.938 GC heap after
Heap after GC invocations=7 (full 1):
 PSYoungGen      total 49152K, used 6592K [0x00000000d5e00000, 0x00000000d9980000, 0x0000000100000000)
  eden space 41472K, 0% used [0x00000000d5e00000,0x00000000d5e00000,0x00000000d8680000)
  from space 7680K, 85% used [0x00000000d9200000,0x00000000d9870020,0x00000000d9980000)
  to   space 9728K, 0% used [0x00000000d8680000,0x00000000d8680000,0x00000000d9000000)
 ParOldGen       total 66560K, used 7312K [0x0000000081a00000, 0x0000000085b00000, 0x00000000d5e00000)
  object space 66560K, 10% used [0x0000000081a00000,0x0000000082124100,0x0000000085b00000)
 Metaspace       used 28658K, capacity 30759K, committed 30848K, reserved 1075200K
  class space    used 3791K, capacity 4154K, committed 4224K, reserved 1048576K
}

