# JRE version: OpenJDK Runtime Environment (8.0_282-b08) (build 1.8.0_282-b08)
# Java VM: OpenJDK 64-Bit Server VM (25.282-b08 mixed mode windows-amd64 compressed oops)
Heap:
 PSYoungGen      total 71680K, used 13962K [0x00000000d5e00000, 0x00000000db500000, 0x0000000100000000)
  eden space 66560K, 13% used [0x00000000d5e00000,0x00000000d66aa920,0x00000000d9f00000)
  from space 5120K, 99% used [0x00000000d9f00000,0x00000000da3f8110,0x00000000da400000)
  to   space 11264K, 0% used [0x00000000daa00000,0x00000000daa00000,0x00000000db500000)
 ParOldGen       total 61440K, used 12812K [0x0000000081a00000, 0x0000000085600000, 0x00000000d5e00000)
  object space 61440K, 20% used [0x0000000081a00000,0x00000000826831e8,0x0000000085600000)
 Metaspace       used 32653K, capacity 34768K, committed 34944K, reserved 1079296K
  class space    used 4114K, capacity 4480K, committed 4480K, reserved 1048576K
GC Heap History (10 events):
Event: 0.956 GC heap before
{Heap before GC invocations=2 (full 0):
 PSYoungGen      total 38400K, used 38397K [0x00000000d5e00000, 0x00000000d8880000, 0x0000000100000000)
  eden space 33280K, 100% used [0x00000000d5e00000,0x00000000d7e80000,0x00000000d7e80000)
  from space 5120K, 99% used [0x00000000d7e80000,0x00000000d837f630,0x00000000d8380000)
  to   space 5120K, 0% used [0x00000000d8380000,0x00000000d8380000,0x00000000d8880000)
 ParOldGen       total 87552K, used 814K [0x0000000081a00000, 0x0000000086f80000, 0x00000000d5e00000)
  object space 87552K, 0% used [0x0000000081a00000,0x0000000081acbbd8,0x0000000086f80000)
 Metaspace       used 17045K, capacity 17702K, committed 17920K, reserved 1064960K
  class space    used 2091K, capacity 2239K, committed 2304K, reserved 1048576K
Event: 0.965 GC heap after
Heap after GC invocations=2 (full 0):
 PSYoungGen      total 38400K, used 5102K [0x00000000d5e00000, 0x00000000da900000, 0x0000000100000000)
  eden space 33280K, 0% used [0x00000000d5e00000,0x00000000d5e00000,0x00000000d7e80000)
  from space 5120K, 99% used [0x00000000d8380000,0x00000000d887b8f8,0x00000000d8880000)
  to   space 5120K, 0% used [0x00000000d7e80000,0x00000000d7e80000,0x00000000d8380000)
 ParOldGen       total 87552K, used 4298K [0x0000000081a00000, 0x0000000086f80000, 0x00000000d5e00000)
  object space 87552K, 4% used [0x0000000081a00000,0x0000000081e32b90,0x0000000086f80000)
 Metaspace       used 17045K, capacity 17702K, committed 17920K, reserved 1064960K
  class space    used 2091K, capacity 2239K, committed 2304K, reserved 1048576K
}
Event: 1.436 GC heap before
{Heap before GC invocations=3 (full 0):
 PSYoungGen      total 38400K, used 36161K [0x00000000d5e00000, 0x00000000da900000, 0x0000000100000000)
  eden space 33280K, 93% used [0x00000000d5e00000,0x00000000d7c54ea0,0x00000000d7e80000)
  from space 5120K, 99% used [0x00000000d8380000,0x00000000d887b8f8,0x00000000d8880000)
  to   space 5120K, 0% used [0x00000000d7e80000,0x00000000d7e80000,0x00000000d8380000)
 ParOldGen       total 87552K, used 4298K [0x0000000081a00000, 0x0000000086f80000, 0x00000000d5e00000)
  object space 87552K, 4% used [0x0000000081a00000,0x0000000081e32b90,0x0000000086f80000)
 Metaspace       used 20226K, capacity 21114K, committed 21248K, reserved 1067008K
  class space    used 2506K, capacity 2737K, committed 2816K, reserved 1048576K
Event: 1.444 GC heap after
Heap after GC invocations=3 (full 0):
 PSYoungGen      total 38400K, used 5110K [0x00000000d5e00000, 0x00000000da900000, 0x0000000100000000)
  eden space 33280K, 0% used [0x00000000d5e00000,0x00000000d5e00000,0x00000000d7e80000)
  from space 5120K, 99% used [0x00000000d7e80000,0x00000000d837d848,0x00000000d8380000)
  to   space 5120K, 0% used [0x00000000da400000,0x00000000da400000,0x00000000da900000)
 ParOldGen       total 87552K, used 6691K [0x0000000081a00000, 0x0000000086f80000, 0x00000000d5e00000)
  object space 87552K, 7% used [0x0000000081a00000,0x0000000082088d08,0x0000000086f80000)
 Metaspace       used 20226K, capacity 21114K, committed 21248K, reserved 1067008K
  class space    used 2506K, capacity 2737K, committed 2816K, reserved 1048576K
}
Event: 1.444 GC heap before
{Heap before GC invocations=4 (full 1):
 PSYoungGen      total 38400K, used 5110K [0x00000000d5e00000, 0x00000000da900000, 0x0000000100000000)
  eden space 33280K, 0% used [0x00000000d5e00000,0x00000000d5e00000,0x00000000d7e80000)
  from space 5120K, 99% used [0x00000000d7e80000,0x00000000d837d848,0x00000000d8380000)
  to   space 5120K, 0% used [0x00000000da400000,0x00000000da400000,0x00000000da900000)
 ParOldGen       total 87552K, used 6691K [0x0000000081a00000, 0x0000000086f80000, 0x00000000d5e00000)
  object space 87552K, 7% used [0x0000000081a00000,0x0000000082088d08,0x0000000086f80000)
 Metaspace       used 20226K, capacity 21114K, committed 21248K, reserved 1067008K
  class space    used 2506K, capacity 2737K, committed 2816K, reserved 1048576K
Event: 1.468 GC heap after
Heap after GC invocations=4 (full 1):
 PSYoungGen      total 38400K, used 0K [0x00000000d5e00000, 0x00000000da900000, 0x0000000100000000)
  eden space 33280K, 0% used [0x00000000d5e00000,0x00000000d5e00000,0x00000000d7e80000)
  from space 5120K, 0% used [0x00000000d7e80000,0x00000000d7e80000,0x00000000d8380000)
  to   space 5120K, 0% used [0x00000000da400000,0x00000000da400000,0x00000000da900000)
 ParOldGen       total 61440K, used 7214K [0x0000000081a00000, 0x0000000085600000, 0x00000000d5e00000)
  object space 61440K, 11% used [0x0000000081a00000,0x000000008210ba50,0x0000000085600000)
 Metaspace       used 20226K, capacity 21114K, committed 21248K, reserved 1067008K
  class space    used 2506K, capacity 2737K, committed 2816K, reserved 1048576K
}
Event: 2.430 GC heap before
{Heap before GC invocations=5 (full 1):
 PSYoungGen      total 38400K, used 33280K [0x00000000d5e00000, 0x00000000da900000, 0x0000000100000000)
  eden space 33280K, 100% used [0x00000000d5e00000,0x00000000d7e80000,0x00000000d7e80000)
  from space 5120K, 0% used [0x00000000d7e80000,0x00000000d7e80000,0x00000000d8380000)
  to   space 5120K, 0% used [0x00000000da400000,0x00000000da400000,0x00000000da900000)
 ParOldGen       total 61440K, used 7214K [0x0000000081a00000, 0x0000000085600000, 0x00000000d5e00000)
  object space 61440K, 11% used [0x0000000081a00000,0x000000008210ba50,0x0000000085600000)
 Metaspace       used 24754K, capacity 26318K, committed 26496K, reserved 1073152K
  class space    used 3146K, capacity 3449K, committed 3456K, reserved 1048576K
Event: 2.434 GC heap after
Heap after GC invocations=5 (full 1):
 PSYoungGen      total 53248K, used 5092K [0x00000000d5e00000, 0x00000000da900000, 0x0000000100000000)
  eden space 48128K, 0% used [0x00000000d5e00000,0x00000000d5e00000,0x00000000d8d00000)
  from space 5120K, 99% used [0x00000000da400000,0x00000000da8f9100,0x00000000da900000)
  to   space 5120K, 0% used [0x00000000d9f00000,0x00000000d9f00000,0x00000000da400000)
 ParOldGen       total 61440K, used 7569K [0x0000000081a00000, 0x0000000085600000, 0x00000000d5e00000)
  object space 61440K, 12% used [0x0000000081a00000,0x0000000082164628,0x0000000085600000)
 Metaspace       used 24754K, capacity 26318K, committed 26496K, reserved 1073152K
  class space    used 3146K, capacity 3449K, committed 3456K, reserved 1048576K
}
Event: 47.741 GC heap before
{Heap before GC invocations=6 (full 1):
 PSYoungGen      total 53248K, used 53220K [0x00000000d5e00000, 0x00000000da900000, 0x0000000100000000)
  eden space 48128K, 100% used [0x00000000d5e00000,0x00000000d8d00000,0x00000000d8d00000)
  from space 5120K, 99% used [0x00000000da400000,0x00000000da8f9100,0x00000000da900000)
  to   space 5120K, 0% used [0x00000000d9f00000,0x00000000d9f00000,0x00000000da400000)
 ParOldGen       total 61440K, used 7569K [0x0000000081a00000, 0x0000000085600000, 0x00000000d5e00000)
  object space 61440K, 12% used [0x0000000081a00000,0x0000000082164628,0x0000000085600000)
 Metaspace       used 32298K, capacity 34504K, committed 34688K, reserved 1079296K
  class space    used 4097K, capacity 4480K, committed 4480K, reserved 1048576K
Event: 47.753 GC heap after
Heap after GC invocations=6 (full 1):
 PSYoungGen      total 71680K, used 5088K [0x00000000d5e00000, 0x00000000db500000, 0x0000000100000000)
  eden space 66560K, 0% used [0x00000000d5e00000,0x00000000d5e00000,0x00000000d9f00000)
  from space 5120K, 99% used [0x00000000d9f00000,0x00000000da3f8110,0x00000000da400000)
  to   space 11264K, 0% used [0x00000000daa00000,0x00000000daa00000,0x00000000db500000)
 ParOldGen       total 61440K, used 12812K [0x0000000081a00000, 0x0000000085600000, 0x00000000d5e00000)
  object space 61440K, 20% used [0x0000000081a00000,0x00000000826831e8,0x0000000085600000)
 Metaspace       used 32298K, capacity 34504K, committed 34688K, reserved 1079296K
  class space    used 4097K, capacity 4480K, committed 4480K, reserved 1048576K
}

