# JRE version: OpenJDK Runtime Environment (8.0_282-b08) (build 1.8.0_282-b08)
# Java VM: OpenJDK 64-Bit Server VM (25.282-b08 mixed mode windows-amd64 compressed oops)
Heap:
 PSYoungGen      total 71680K, used 16108K [0x00000000d5e00000, 0x00000000ddb00000, 0x0000000100000000)
  eden space 66560K, 16% used [0x00000000d5e00000,0x00000000d68bed68,0x00000000d9f00000)
  from space 5120K, 99% used [0x00000000d9f00000,0x00000000da3fc410,0x00000000da400000)
  to   space 11776K, 0% used [0x00000000dcf80000,0x00000000dcf80000,0x00000000ddb00000)
 ParOldGen       total 56832K, used 11796K [0x0000000081a00000, 0x0000000085180000, 0x00000000d5e00000)
  object space 56832K, 20% used [0x0000000081a00000,0x0000000082585198,0x0000000085180000)
 Metaspace       used 29046K, capacity 31175K, committed 31488K, reserved 1077248K
  class space    used 3838K, capacity 4226K, committed 4352K, reserved 1048576K
GC Heap History (10 events):
Event: 0.802 GC heap before
{Heap before GC invocations=2 (full 0):
 PSYoungGen      total 38400K, used 38391K [0x00000000d5e00000, 0x00000000d8880000, 0x0000000100000000)
  eden space 33280K, 100% used [0x00000000d5e00000,0x00000000d7e80000,0x00000000d7e80000)
  from space 5120K, 99% used [0x00000000d7e80000,0x00000000d837dfc8,0x00000000d8380000)
  to   space 5120K, 0% used [0x00000000d8380000,0x00000000d8380000,0x00000000d8880000)
 ParOldGen       total 87552K, used 1184K [0x0000000081a00000, 0x0000000086f80000, 0x00000000d5e00000)
  object space 87552K, 1% used [0x0000000081a00000,0x0000000081b28070,0x0000000086f80000)
 Metaspace       used 16207K, capacity 16948K, committed 17152K, reserved 1064960K
  class space    used 2099K, capacity 2274K, committed 2304K, reserved 1048576K
Event: 0.807 GC heap after
Heap after GC invocations=2 (full 0):
 PSYoungGen      total 38400K, used 5119K [0x00000000d5e00000, 0x00000000da900000, 0x0000000100000000)
  eden space 33280K, 0% used [0x00000000d5e00000,0x00000000d5e00000,0x00000000d7e80000)
  from space 5120K, 99% used [0x00000000d8380000,0x00000000d887fda8,0x00000000d8880000)
  to   space 5120K, 0% used [0x00000000d7e80000,0x00000000d7e80000,0x00000000d8380000)
 ParOldGen       total 87552K, used 4632K [0x0000000081a00000, 0x0000000086f80000, 0x00000000d5e00000)
  object space 87552K, 5% used [0x0000000081a00000,0x0000000081e861a8,0x0000000086f80000)
 Metaspace       used 16207K, capacity 16948K, committed 17152K, reserved 1064960K
  class space    used 2099K, capacity 2274K, committed 2304K, reserved 1048576K
}
Event: 1.071 GC heap before
{Heap before GC invocations=3 (full 0):
 PSYoungGen      total 38400K, used 38399K [0x00000000d5e00000, 0x00000000da900000, 0x0000000100000000)
  eden space 33280K, 100% used [0x00000000d5e00000,0x00000000d7e80000,0x00000000d7e80000)
  from space 5120K, 99% used [0x00000000d8380000,0x00000000d887fda8,0x00000000d8880000)
  to   space 5120K, 0% used [0x00000000d7e80000,0x00000000d7e80000,0x00000000d8380000)
 ParOldGen       total 87552K, used 4632K [0x0000000081a00000, 0x0000000086f80000, 0x00000000d5e00000)
  object space 87552K, 5% used [0x0000000081a00000,0x0000000081e861a8,0x0000000086f80000)
 Metaspace       used 19089K, capacity 20116K, committed 20224K, reserved 1067008K
  class space    used 2531K, capacity 2744K, committed 2816K, reserved 1048576K
Event: 1.077 GC heap after
Heap after GC invocations=3 (full 0):
 PSYoungGen      total 38400K, used 5109K [0x00000000d5e00000, 0x00000000da900000, 0x0000000100000000)
  eden space 33280K, 0% used [0x00000000d5e00000,0x00000000d5e00000,0x00000000d7e80000)
  from space 5120K, 99% used [0x00000000d7e80000,0x00000000d837d7c8,0x00000000d8380000)
  to   space 5120K, 0% used [0x00000000da400000,0x00000000da400000,0x00000000da900000)
 ParOldGen       total 87552K, used 8091K [0x0000000081a00000, 0x0000000086f80000, 0x00000000d5e00000)
  object space 87552K, 9% used [0x0000000081a00000,0x00000000821e6d78,0x0000000086f80000)
 Metaspace       used 19089K, capacity 20116K, committed 20224K, reserved 1067008K
  class space    used 2531K, capacity 2744K, committed 2816K, reserved 1048576K
}
Event: 1.125 GC heap before
{Heap before GC invocations=4 (full 0):
 PSYoungGen      total 38400K, used 10726K [0x00000000d5e00000, 0x00000000da900000, 0x0000000100000000)
  eden space 33280K, 16% used [0x00000000d5e00000,0x00000000d637c308,0x00000000d7e80000)
  from space 5120K, 99% used [0x00000000d7e80000,0x00000000d837d7c8,0x00000000d8380000)
  to   space 5120K, 0% used [0x00000000da400000,0x00000000da400000,0x00000000da900000)
 ParOldGen       total 87552K, used 8091K [0x0000000081a00000, 0x0000000086f80000, 0x00000000d5e00000)
  object space 87552K, 9% used [0x0000000081a00000,0x00000000821e6d78,0x0000000086f80000)
 Metaspace       used 19952K, capacity 21189K, committed 21296K, reserved 1067008K
  class space    used 2667K, capacity 2944K, committed 2944K, reserved 1048576K
Event: 1.129 GC heap after
Heap after GC invocations=4 (full 0):
 PSYoungGen      total 71680K, used 5104K [0x00000000d5e00000, 0x00000000da900000, 0x0000000100000000)
  eden space 66560K, 0% used [0x00000000d5e00000,0x00000000d5e00000,0x00000000d9f00000)
  from space 5120K, 99% used [0x00000000da400000,0x00000000da8fc190,0x00000000da900000)
  to   space 5120K, 0% used [0x00000000d9f00000,0x00000000d9f00000,0x00000000da400000)
 ParOldGen       total 87552K, used 9156K [0x0000000081a00000, 0x0000000086f80000, 0x00000000d5e00000)
  object space 87552K, 10% used [0x0000000081a00000,0x00000000822f13b8,0x0000000086f80000)
 Metaspace       used 19952K, capacity 21189K, committed 21296K, reserved 1067008K
  class space    used 2667K, capacity 2944K, committed 2944K, reserved 1048576K
}
Event: 1.129 GC heap before
{Heap before GC invocations=5 (full 1):
 PSYoungGen      total 71680K, used 5104K [0x00000000d5e00000, 0x00000000da900000, 0x0000000100000000)
  eden space 66560K, 0% used [0x00000000d5e00000,0x00000000d5e00000,0x00000000d9f00000)
  from space 5120K, 99% used [0x00000000da400000,0x00000000da8fc190,0x00000000da900000)
  to   space 5120K, 0% used [0x00000000d9f00000,0x00000000d9f00000,0x00000000da400000)
 ParOldGen       total 87552K, used 9156K [0x0000000081a00000, 0x0000000086f80000, 0x00000000d5e00000)
  object space 87552K, 10% used [0x0000000081a00000,0x00000000822f13b8,0x0000000086f80000)
 Metaspace       used 19952K, capacity 21189K, committed 21296K, reserved 1067008K
  class space    used 2667K, capacity 2944K, committed 2944K, reserved 1048576K
Event: 1.151 GC heap after
Heap after GC invocations=5 (full 1):
 PSYoungGen      total 71680K, used 0K [0x00000000d5e00000, 0x00000000da900000, 0x0000000100000000)
  eden space 66560K, 0% used [0x00000000d5e00000,0x00000000d5e00000,0x00000000d9f00000)
  from space 5120K, 0% used [0x00000000da400000,0x00000000da400000,0x00000000da900000)
  to   space 5120K, 0% used [0x00000000d9f00000,0x00000000d9f00000,0x00000000da400000)
 ParOldGen       total 56832K, used 6358K [0x0000000081a00000, 0x0000000085180000, 0x00000000d5e00000)
  object space 56832K, 11% used [0x0000000081a00000,0x00000000820358b8,0x0000000085180000)
 Metaspace       used 19952K, capacity 21189K, committed 21296K, reserved 1067008K
  class space    used 2667K, capacity 2944K, committed 2944K, reserved 1048576K
}
Event: 50.268 GC heap before
{Heap before GC invocations=6 (full 1):
 PSYoungGen      total 71680K, used 66560K [0x00000000d5e00000, 0x00000000da900000, 0x0000000100000000)
  eden space 66560K, 100% used [0x00000000d5e00000,0x00000000d9f00000,0x00000000d9f00000)
  from space 5120K, 0% used [0x00000000da400000,0x00000000da400000,0x00000000da900000)
  to   space 5120K, 0% used [0x00000000d9f00000,0x00000000d9f00000,0x00000000da400000)
 ParOldGen       total 56832K, used 6358K [0x0000000081a00000, 0x0000000085180000, 0x00000000d5e00000)
  object space 56832K, 11% used [0x0000000081a00000,0x00000000820358b8,0x0000000085180000)
 Metaspace       used 28458K, capacity 30501K, committed 30848K, reserved 1075200K
  class space    used 3770K, capacity 4129K, committed 4224K, reserved 1048576K
Event: 50.275 GC heap after
Heap after GC invocations=6 (full 1):
 PSYoungGen      total 71680K, used 5105K [0x00000000d5e00000, 0x00000000ddb00000, 0x0000000100000000)
  eden space 66560K, 0% used [0x00000000d5e00000,0x00000000d5e00000,0x00000000d9f00000)
  from space 5120K, 99% used [0x00000000d9f00000,0x00000000da3fc410,0x00000000da400000)
  to   space 11776K, 0% used [0x00000000dcf80000,0x00000000dcf80000,0x00000000ddb00000)
 ParOldGen       total 56832K, used 11796K [0x0000000081a00000, 0x0000000085180000, 0x00000000d5e00000)
  object space 56832K, 20% used [0x0000000081a00000,0x0000000082585198,0x0000000085180000)
 Metaspace       used 28458K, capacity 30501K, committed 30848K, reserved 1075200K
  class space    used 3770K, capacity 4129K, committed 4224K, reserved 1048576K
}

